
=== Thu Sep  5 19:03:04 2024

Packages were changed.
Update Mode: updateDependencies

The following packages were added:
  com.unity.ai.navigation@1.1.5

=== Wed Sep 18 15:12:28 2024

Packages were changed.
Update Mode: updateDependencies

The following packages were updated:
  com.unity.collab-proxy from version 1.13.5 to 2.4.4
  com.unity.ide.rider from version 3.0.7 to 3.0.31
  com.unity.ide.visualstudio from version 2.0.11 to 2.0.22
  com.unity.ide.vscode from version 1.2.4 to 1.2.5
  com.unity.render-pipelines.high-definition from version 12.1.0 to 14.0.11
  com.unity.render-pipelines.universal from version 12.1.0 to 14.0.11
  com.unity.shadergraph from version 12.1.0 to 14.0.11
  com.unity.test-framework from version 1.1.29 to 1.1.33
  com.unity.timeline from version 1.6.2 to 1.7.6
  com.unity.visualscripting from version 1.7.2 to 1.9.4

=== Wed Sep 18 15:12:28 2024

Packages were changed.
Update Mode: mergeDefaultDependencies

The following packages were added:
  com.unity.collab-proxy@2.4.4
  com.unity.ide.rider@3.0.31
  com.unity.render-pipelines.high-definition@14.0.11
  com.unity.render-pipelines.universal@14.0.11
  com.unity.shadergraph@14.0.11
  com.unity.test-framework@1.1.33
  com.unity.timeline@1.7.6
  com.unity.visualscripting@1.9.4

=== Fri Sep 20 16:21:40 2024

Packages were changed.
Update Mode: updateDependencies

The following packages were updated:
  com.unity.cinemachine from version 2.6.4 to 2.10.1
  com.unity.collab-proxy from version 1.3.9 to 2.4.4
  com.unity.ide.rider from version 2.0.7 to 3.0.31
  com.unity.ide.visualstudio from version 2.0.7 to 2.0.22
  com.unity.ide.vscode from version 1.2.3 to 1.2.5
  com.unity.inputsystem from version 1.0.2 to 1.7.0
  com.unity.render-pipelines.high-definition from version 10.5.0 to 14.0.11
  com.unity.test-framework from version 1.1.24 to 1.1.33
  com.unity.textmeshpro from version 3.0.4 to 3.0.6
  com.unity.timeline from version 1.4.7 to 1.7.6

=== Fri Sep 20 16:21:40 2024

Packages were changed.
Update Mode: mergeDefaultDependencies

The following packages were added:
  com.unity.inputsystem@1.7.0

=== Fri Sep 20 16:25:38 2024

Packages were changed.
Update Mode: updateDependencies

The following packages were updated:
  com.unity.cinemachine from version 2.6.4 to 2.10.1
  com.unity.collab-proxy from version 1.3.9 to 2.4.4
  com.unity.ide.rider from version 2.0.7 to 3.0.31
  com.unity.ide.visualstudio from version 2.0.7 to 2.0.22
  com.unity.ide.vscode from version 1.2.3 to 1.2.5
  com.unity.inputsystem from version 1.0.2 to 1.7.0
  com.unity.render-pipelines.high-definition from version 10.5.0 to 14.0.11
  com.unity.test-framework from version 1.1.24 to 1.1.33
  com.unity.textmeshpro from version 3.0.4 to 3.0.6
  com.unity.timeline from version 1.4.7 to 1.7.6
